<?xml version="1.0" encoding="UTF-8"?>
<!-- Generated by org.testng.reporters.JUnitXMLReporter -->
<testsuite hostname="ShanuDilipSingh10" ignored="0" name="Test" tests="3" failures="0" timestamp="10 Nov 2021 14:05:17 GMT" time="60.473" errors="0">
  <testcase name="AccountCreation" time="25.918" classname="Testcase.TC003Creatingaccount"/>
  <testcase name="Homepage" time="14.953" classname="Testcase.TC001Landing"/>
  <testcase name="singin" time="19.555" classname="Testcase.TC002SignIn"/>
</testsuite> <!-- Test -->
