<?xml version="1.0" encoding="UTF-8"?>
<testng-results skipped="0" failed="0" ignored="0" total="1" passed="1">
  <reporter-output>
  </reporter-output>
  <suite name="Default suite" duration-ms="12489" started-at="2021-11-09T17:10:17Z" finished-at="2021-11-09T17:10:30Z">
    <groups>
    </groups>
    <test name="Default test" duration-ms="12489" started-at="2021-11-09T17:10:17Z" finished-at="2021-11-09T17:10:30Z">
      <class name="Testcase.TC001Landing">
        <test-method status="PASS" signature="Homepage()[pri:0, instance:Testcase.TC001Landing@457e2f02]" name="Homepage" duration-ms="12444" started-at="2021-11-09T17:10:17Z" finished-at="2021-11-09T17:10:30Z">
          <reporter-output>
          </reporter-output>
        </test-method> <!-- Homepage -->
      </class> <!-- Testcase.TC001Landing -->
    </test> <!-- Default test -->
  </suite> <!-- Default suite -->
</testng-results>
